<?xml version="1.0" encoding="UTF-8"?>
<testsuite xmlns:xsi="http://www.w3.org/2001/XMLSchema-instance" xsi:noNamespaceSchemaLocation="https://maven.apache.org/surefire/maven-surefire-plugin/xsd/surefire-test-report.xsd" version="3.0.2" name="br.com.brad.campaigningest.CampaignIngestApplicationTests" time="1.137" tests="1" errors="0" skipped="0" failures="0">
  <properties>
    <property name="java.specification.version" value="21"/>
    <property name="sun.jnu.encoding" value="UTF-8"/>
    <property name="java.class.path" value="/Users/issamiyoshida/Desktop/Yoshida/Aplicacoes em Java/campaign-ingest/target/test-classes:/Users/issamiyoshida/Desktop/Yoshida/Aplicacoes em Java/campaign-ingest/target/classes:/Users/issamiyoshida/.m2/repository/org/springframework/boot/spring-boot-starter/3.5.5/spring-boot-starter-3.5.5.jar:/Users/issamiyoshida/.m2/repository/org/springframework/boot/spring-boot/3.5.5/spring-boot-3.5.5.jar:/Users/issamiyoshida/.m2/repository/org/springframework/spring-context/6.2.10/spring-context-6.2.10.jar:/Users/issamiyoshida/.m2/repository/org/springframework/spring-aop/6.2.10/spring-aop-6.2.10.jar:/Users/issamiyoshida/.m2/repository/org/springframework/spring-beans/6.2.10/spring-beans-6.2.10.jar:/Users/issamiyoshida/.m2/repository/org/springframework/spring-expression/6.2.10/spring-expression-6.2.10.jar:/Users/issamiyoshida/.m2/repository/io/micrometer/micrometer-observation/1.15.3/micrometer-observation-1.15.3.jar:/Users/issamiyoshida/.m2/repository/io/micrometer/micrometer-commons/1.15.3/micrometer-commons-1.15.3.jar:/Users/issamiyoshida/.m2/repository/org/springframework/boot/spring-boot-autoconfigure/3.5.5/spring-boot-autoconfigure-3.5.5.jar:/Users/issamiyoshida/.m2/repository/org/springframework/boot/spring-boot-starter-logging/3.5.5/spring-boot-starter-logging-3.5.5.jar:/Users/issamiyoshida/.m2/repository/ch/qos/logback/logback-classic/1.5.18/logback-classic-1.5.18.jar:/Users/issamiyoshida/.m2/repository/ch/qos/logback/logback-core/1.5.18/logback-core-1.5.18.jar:/Users/issamiyoshida/.m2/repository/org/apache/logging/log4j/log4j-to-slf4j/2.24.3/log4j-to-slf4j-2.24.3.jar:/Users/issamiyoshida/.m2/repository/org/apache/logging/log4j/log4j-api/2.24.3/log4j-api-2.24.3.jar:/Users/issamiyoshida/.m2/repository/org/slf4j/jul-to-slf4j/2.0.17/jul-to-slf4j-2.0.17.jar:/Users/issamiyoshida/.m2/repository/jakarta/annotation/jakarta.annotation-api/2.1.1/jakarta.annotation-api-2.1.1.jar:/Users/issamiyoshida/.m2/repository/org/springframework/spring-core/6.2.10/spring-core-6.2.10.jar:/Users/issamiyoshida/.m2/repository/org/springframework/spring-jcl/6.2.10/spring-jcl-6.2.10.jar:/Users/issamiyoshida/.m2/repository/org/yaml/snakeyaml/2.4/snakeyaml-2.4.jar:/Users/issamiyoshida/.m2/repository/org/springframework/cloud/spring-cloud-starter-function-web/4.3.0/spring-cloud-starter-function-web-4.3.0.jar:/Users/issamiyoshida/.m2/repository/org/springframework/cloud/spring-cloud-function-web/4.3.0/spring-cloud-function-web-4.3.0.jar:/Users/issamiyoshida/.m2/repository/org/springframework/cloud/spring-cloud-function-context/4.3.0/spring-cloud-function-context-4.3.0.jar:/Users/issamiyoshida/.m2/repository/org/springframework/cloud/spring-cloud-function-core/4.3.0/spring-cloud-function-core-4.3.0.jar:/Users/issamiyoshida/.m2/repository/io/projectreactor/reactor-core/3.7.9/reactor-core-3.7.9.jar:/Users/issamiyoshida/.m2/repository/org/reactivestreams/reactive-streams/1.0.4/reactive-streams-1.0.4.jar:/Users/issamiyoshida/.m2/repository/org/springframework/spring-messaging/6.2.10/spring-messaging-6.2.10.jar:/Users/issamiyoshida/.m2/repository/com/fasterxml/jackson/datatype/jackson-datatype-jsr310/2.19.2/jackson-datatype-jsr310-2.19.2.jar:/Users/issamiyoshida/.m2/repository/com/fasterxml/jackson/core/jackson-annotations/2.19.2/jackson-annotations-2.19.2.jar:/Users/issamiyoshida/.m2/repository/com/fasterxml/jackson/core/jackson-core/2.19.2/jackson-core-2.19.2.jar:/Users/issamiyoshida/.m2/repository/com/fasterxml/jackson/datatype/jackson-datatype-joda/2.19.2/jackson-datatype-joda-2.19.2.jar:/Users/issamiyoshida/.m2/repository/joda-time/joda-time/2.12.7/joda-time-2.12.7.jar:/Users/issamiyoshida/.m2/repository/com/fasterxml/jackson/core/jackson-databind/2.19.2/jackson-databind-2.19.2.jar:/Users/issamiyoshida/.m2/repository/org/springframework/boot/spring-boot-starter-web/3.5.5/spring-boot-starter-web-3.5.5.jar:/Users/issamiyoshida/.m2/repository/org/springframework/boot/spring-boot-starter-json/3.5.5/spring-boot-starter-json-3.5.5.jar:/Users/issamiyoshida/.m2/repository/com/fasterxml/jackson/datatype/jackson-datatype-jdk8/2.19.2/jackson-datatype-jdk8-2.19.2.jar:/Users/issamiyoshida/.m2/repository/com/fasterxml/jackson/module/jackson-module-parameter-names/2.19.2/jackson-module-parameter-names-2.19.2.jar:/Users/issamiyoshida/.m2/repository/org/springframework/boot/spring-boot-starter-tomcat/3.5.5/spring-boot-starter-tomcat-3.5.5.jar:/Users/issamiyoshida/.m2/repository/org/apache/tomcat/embed/tomcat-embed-core/10.1.44/tomcat-embed-core-10.1.44.jar:/Users/issamiyoshida/.m2/repository/org/apache/tomcat/embed/tomcat-embed-el/10.1.44/tomcat-embed-el-10.1.44.jar:/Users/issamiyoshida/.m2/repository/org/apache/tomcat/embed/tomcat-embed-websocket/10.1.44/tomcat-embed-websocket-10.1.44.jar:/Users/issamiyoshida/.m2/repository/org/springframework/spring-web/6.2.10/spring-web-6.2.10.jar:/Users/issamiyoshida/.m2/repository/org/springframework/spring-webmvc/6.2.10/spring-webmvc-6.2.10.jar:/Users/issamiyoshida/.m2/repository/org/springframework/boot/spring-boot-devtools/3.5.5/spring-boot-devtools-3.5.5.jar:/Users/issamiyoshida/.m2/repository/org/projectlombok/lombok/1.18.38/lombok-1.18.38.jar:/Users/issamiyoshida/.m2/repository/org/springframework/boot/spring-boot-starter-test/3.5.5/spring-boot-starter-test-3.5.5.jar:/Users/issamiyoshida/.m2/repository/org/springframework/boot/spring-boot-test/3.5.5/spring-boot-test-3.5.5.jar:/Users/issamiyoshida/.m2/repository/org/springframework/boot/spring-boot-test-autoconfigure/3.5.5/spring-boot-test-autoconfigure-3.5.5.jar:/Users/issamiyoshida/.m2/repository/com/jayway/jsonpath/json-path/2.9.0/json-path-2.9.0.jar:/Users/issamiyoshida/.m2/repository/org/slf4j/slf4j-api/2.0.17/slf4j-api-2.0.17.jar:/Users/issamiyoshida/.m2/repository/jakarta/xml/bind/jakarta.xml.bind-api/4.0.2/jakarta.xml.bind-api-4.0.2.jar:/Users/issamiyoshida/.m2/repository/jakarta/activation/jakarta.activation-api/2.1.3/jakarta.activation-api-2.1.3.jar:/Users/issamiyoshida/.m2/repository/net/minidev/json-smart/2.5.2/json-smart-2.5.2.jar:/Users/issamiyoshida/.m2/repository/net/minidev/accessors-smart/2.5.2/accessors-smart-2.5.2.jar:/Users/issamiyoshida/.m2/repository/org/ow2/asm/asm/9.7.1/asm-9.7.1.jar:/Users/issamiyoshida/.m2/repository/org/assertj/assertj-core/3.27.4/assertj-core-3.27.4.jar:/Users/issamiyoshida/.m2/repository/net/bytebuddy/byte-buddy/1.17.7/byte-buddy-1.17.7.jar:/Users/issamiyoshida/.m2/repository/org/awaitility/awaitility/4.2.2/awaitility-4.2.2.jar:/Users/issamiyoshida/.m2/repository/org/hamcrest/hamcrest/3.0/hamcrest-3.0.jar:/Users/issamiyoshida/.m2/repository/org/junit/jupiter/junit-jupiter/5.12.2/junit-jupiter-5.12.2.jar:/Users/issamiyoshida/.m2/repository/org/junit/jupiter/junit-jupiter-api/5.12.2/junit-jupiter-api-5.12.2.jar:/Users/issamiyoshida/.m2/repository/org/opentest4j/opentest4j/1.3.0/opentest4j-1.3.0.jar:/Users/issamiyoshida/.m2/repository/org/junit/platform/junit-platform-commons/1.12.2/junit-platform-commons-1.12.2.jar:/Users/issamiyoshida/.m2/repository/org/apiguardian/apiguardian-api/1.1.2/apiguardian-api-1.1.2.jar:/Users/issamiyoshida/.m2/repository/org/junit/jupiter/junit-jupiter-params/5.12.2/junit-jupiter-params-5.12.2.jar:/Users/issamiyoshida/.m2/repository/org/junit/jupiter/junit-jupiter-engine/5.12.2/junit-jupiter-engine-5.12.2.jar:/Users/issamiyoshida/.m2/repository/org/junit/platform/junit-platform-engine/1.12.2/junit-platform-engine-1.12.2.jar:/Users/issamiyoshida/.m2/repository/org/mockito/mockito-core/5.17.0/mockito-core-5.17.0.jar:/Users/issamiyoshida/.m2/repository/net/bytebuddy/byte-buddy-agent/1.17.7/byte-buddy-agent-1.17.7.jar:/Users/issamiyoshida/.m2/repository/org/objenesis/objenesis/3.3/objenesis-3.3.jar:/Users/issamiyoshida/.m2/repository/org/mockito/mockito-junit-jupiter/5.17.0/mockito-junit-jupiter-5.17.0.jar:/Users/issamiyoshida/.m2/repository/org/skyscreamer/jsonassert/1.5.3/jsonassert-1.5.3.jar:/Users/issamiyoshida/.m2/repository/com/vaadin/external/google/android-json/0.0.20131108.vaadin1/android-json-0.0.20131108.vaadin1.jar:/Users/issamiyoshida/.m2/repository/org/springframework/spring-test/6.2.10/spring-test-6.2.10.jar:/Users/issamiyoshida/.m2/repository/org/xmlunit/xmlunit-core/2.10.3/xmlunit-core-2.10.3.jar:/Users/issamiyoshida/.m2/repository/org/mapstruct/mapstruct/1.6.3/mapstruct-1.6.3.jar:/Users/issamiyoshida/.m2/repository/org/mapstruct/mapstruct-processor/1.6.3/mapstruct-processor-1.6.3.jar:"/>
    <property name="java.vm.vendor" value="Oracle Corporation"/>
    <property name="sun.arch.data.model" value="64"/>
    <property name="java.vendor.url" value="https://java.oracle.com/"/>
    <property name="user.timezone" value="America/Sao_Paulo"/>
    <property name="os.name" value="Mac OS X"/>
    <property name="java.vm.specification.version" value="21"/>
    <property name="APPLICATION_NAME" value="campaign-ingest"/>
    <property name="user.country" value="BR"/>
    <property name="sun.java.launcher" value="SUN_STANDARD"/>
    <property name="sun.boot.library.path" value="/Library/Java/JavaVirtualMachines/jdk-21.jdk/Contents/Home/lib"/>
    <property name="sun.java.command" value="/Users/issamiyoshida/Desktop/Yoshida/Aplicacoes em Java/campaign-ingest/target/surefire/surefirebooter-20250827180206515_3.jar /Users/issamiyoshida/Desktop/Yoshida/Aplicacoes em Java/campaign-ingest/target/surefire 2025-08-27T18-02-06_480-jvmRun1 surefire-20250827180206515_1tmp surefire_0-20250827180206515_2tmp"/>
    <property name="http.nonProxyHosts" value="local|*.local|169.254/16|*.169.254/16"/>
    <property name="jdk.debug" value="release"/>
    <property name="surefire.test.class.path" value="/Users/issamiyoshida/Desktop/Yoshida/Aplicacoes em Java/campaign-ingest/target/test-classes:/Users/issamiyoshida/Desktop/Yoshida/Aplicacoes em Java/campaign-ingest/target/classes:/Users/issamiyoshida/.m2/repository/org/springframework/boot/spring-boot-starter/3.5.5/spring-boot-starter-3.5.5.jar:/Users/issamiyoshida/.m2/repository/org/springframework/boot/spring-boot/3.5.5/spring-boot-3.5.5.jar:/Users/issamiyoshida/.m2/repository/org/springframework/spring-context/6.2.10/spring-context-6.2.10.jar:/Users/issamiyoshida/.m2/repository/org/springframework/spring-aop/6.2.10/spring-aop-6.2.10.jar:/Users/issamiyoshida/.m2/repository/org/springframework/spring-beans/6.2.10/spring-beans-6.2.10.jar:/Users/issamiyoshida/.m2/repository/org/springframework/spring-expression/6.2.10/spring-expression-6.2.10.jar:/Users/issamiyoshida/.m2/repository/io/micrometer/micrometer-observation/1.15.3/micrometer-observation-1.15.3.jar:/Users/issamiyoshida/.m2/repository/io/micrometer/micrometer-commons/1.15.3/micrometer-commons-1.15.3.jar:/Users/issamiyoshida/.m2/repository/org/springframework/boot/spring-boot-autoconfigure/3.5.5/spring-boot-autoconfigure-3.5.5.jar:/Users/issamiyoshida/.m2/repository/org/springframework/boot/spring-boot-starter-logging/3.5.5/spring-boot-starter-logging-3.5.5.jar:/Users/issamiyoshida/.m2/repository/ch/qos/logback/logback-classic/1.5.18/logback-classic-1.5.18.jar:/Users/issamiyoshida/.m2/repository/ch/qos/logback/logback-core/1.5.18/logback-core-1.5.18.jar:/Users/issamiyoshida/.m2/repository/org/apache/logging/log4j/log4j-to-slf4j/2.24.3/log4j-to-slf4j-2.24.3.jar:/Users/issamiyoshida/.m2/repository/org/apache/logging/log4j/log4j-api/2.24.3/log4j-api-2.24.3.jar:/Users/issamiyoshida/.m2/repository/org/slf4j/jul-to-slf4j/2.0.17/jul-to-slf4j-2.0.17.jar:/Users/issamiyoshida/.m2/repository/jakarta/annotation/jakarta.annotation-api/2.1.1/jakarta.annotation-api-2.1.1.jar:/Users/issamiyoshida/.m2/repository/org/springframework/spring-core/6.2.10/spring-core-6.2.10.jar:/Users/issamiyoshida/.m2/repository/org/springframework/spring-jcl/6.2.10/spring-jcl-6.2.10.jar:/Users/issamiyoshida/.m2/repository/org/yaml/snakeyaml/2.4/snakeyaml-2.4.jar:/Users/issamiyoshida/.m2/repository/org/springframework/cloud/spring-cloud-starter-function-web/4.3.0/spring-cloud-starter-function-web-4.3.0.jar:/Users/issamiyoshida/.m2/repository/org/springframework/cloud/spring-cloud-function-web/4.3.0/spring-cloud-function-web-4.3.0.jar:/Users/issamiyoshida/.m2/repository/org/springframework/cloud/spring-cloud-function-context/4.3.0/spring-cloud-function-context-4.3.0.jar:/Users/issamiyoshida/.m2/repository/org/springframework/cloud/spring-cloud-function-core/4.3.0/spring-cloud-function-core-4.3.0.jar:/Users/issamiyoshida/.m2/repository/io/projectreactor/reactor-core/3.7.9/reactor-core-3.7.9.jar:/Users/issamiyoshida/.m2/repository/org/reactivestreams/reactive-streams/1.0.4/reactive-streams-1.0.4.jar:/Users/issamiyoshida/.m2/repository/org/springframework/spring-messaging/6.2.10/spring-messaging-6.2.10.jar:/Users/issamiyoshida/.m2/repository/com/fasterxml/jackson/datatype/jackson-datatype-jsr310/2.19.2/jackson-datatype-jsr310-2.19.2.jar:/Users/issamiyoshida/.m2/repository/com/fasterxml/jackson/core/jackson-annotations/2.19.2/jackson-annotations-2.19.2.jar:/Users/issamiyoshida/.m2/repository/com/fasterxml/jackson/core/jackson-core/2.19.2/jackson-core-2.19.2.jar:/Users/issamiyoshida/.m2/repository/com/fasterxml/jackson/datatype/jackson-datatype-joda/2.19.2/jackson-datatype-joda-2.19.2.jar:/Users/issamiyoshida/.m2/repository/joda-time/joda-time/2.12.7/joda-time-2.12.7.jar:/Users/issamiyoshida/.m2/repository/com/fasterxml/jackson/core/jackson-databind/2.19.2/jackson-databind-2.19.2.jar:/Users/issamiyoshida/.m2/repository/org/springframework/boot/spring-boot-starter-web/3.5.5/spring-boot-starter-web-3.5.5.jar:/Users/issamiyoshida/.m2/repository/org/springframework/boot/spring-boot-starter-json/3.5.5/spring-boot-starter-json-3.5.5.jar:/Users/issamiyoshida/.m2/repository/com/fasterxml/jackson/datatype/jackson-datatype-jdk8/2.19.2/jackson-datatype-jdk8-2.19.2.jar:/Users/issamiyoshida/.m2/repository/com/fasterxml/jackson/module/jackson-module-parameter-names/2.19.2/jackson-module-parameter-names-2.19.2.jar:/Users/issamiyoshida/.m2/repository/org/springframework/boot/spring-boot-starter-tomcat/3.5.5/spring-boot-starter-tomcat-3.5.5.jar:/Users/issamiyoshida/.m2/repository/org/apache/tomcat/embed/tomcat-embed-core/10.1.44/tomcat-embed-core-10.1.44.jar:/Users/issamiyoshida/.m2/repository/org/apache/tomcat/embed/tomcat-embed-el/10.1.44/tomcat-embed-el-10.1.44.jar:/Users/issamiyoshida/.m2/repository/org/apache/tomcat/embed/tomcat-embed-websocket/10.1.44/tomcat-embed-websocket-10.1.44.jar:/Users/issamiyoshida/.m2/repository/org/springframework/spring-web/6.2.10/spring-web-6.2.10.jar:/Users/issamiyoshida/.m2/repository/org/springframework/spring-webmvc/6.2.10/spring-webmvc-6.2.10.jar:/Users/issamiyoshida/.m2/repository/org/springframework/boot/spring-boot-devtools/3.5.5/spring-boot-devtools-3.5.5.jar:/Users/issamiyoshida/.m2/repository/org/projectlombok/lombok/1.18.38/lombok-1.18.38.jar:/Users/issamiyoshida/.m2/repository/org/springframework/boot/spring-boot-starter-test/3.5.5/spring-boot-starter-test-3.5.5.jar:/Users/issamiyoshida/.m2/repository/org/springframework/boot/spring-boot-test/3.5.5/spring-boot-test-3.5.5.jar:/Users/issamiyoshida/.m2/repository/org/springframework/boot/spring-boot-test-autoconfigure/3.5.5/spring-boot-test-autoconfigure-3.5.5.jar:/Users/issamiyoshida/.m2/repository/com/jayway/jsonpath/json-path/2.9.0/json-path-2.9.0.jar:/Users/issamiyoshida/.m2/repository/org/slf4j/slf4j-api/2.0.17/slf4j-api-2.0.17.jar:/Users/issamiyoshida/.m2/repository/jakarta/xml/bind/jakarta.xml.bind-api/4.0.2/jakarta.xml.bind-api-4.0.2.jar:/Users/issamiyoshida/.m2/repository/jakarta/activation/jakarta.activation-api/2.1.3/jakarta.activation-api-2.1.3.jar:/Users/issamiyoshida/.m2/repository/net/minidev/json-smart/2.5.2/json-smart-2.5.2.jar:/Users/issamiyoshida/.m2/repository/net/minidev/accessors-smart/2.5.2/accessors-smart-2.5.2.jar:/Users/issamiyoshida/.m2/repository/org/ow2/asm/asm/9.7.1/asm-9.7.1.jar:/Users/issamiyoshida/.m2/repository/org/assertj/assertj-core/3.27.4/assertj-core-3.27.4.jar:/Users/issamiyoshida/.m2/repository/net/bytebuddy/byte-buddy/1.17.7/byte-buddy-1.17.7.jar:/Users/issamiyoshida/.m2/repository/org/awaitility/awaitility/4.2.2/awaitility-4.2.2.jar:/Users/issamiyoshida/.m2/repository/org/hamcrest/hamcrest/3.0/hamcrest-3.0.jar:/Users/issamiyoshida/.m2/repository/org/junit/jupiter/junit-jupiter/5.12.2/junit-jupiter-5.12.2.jar:/Users/issamiyoshida/.m2/repository/org/junit/jupiter/junit-jupiter-api/5.12.2/junit-jupiter-api-5.12.2.jar:/Users/issamiyoshida/.m2/repository/org/opentest4j/opentest4j/1.3.0/opentest4j-1.3.0.jar:/Users/issamiyoshida/.m2/repository/org/junit/platform/junit-platform-commons/1.12.2/junit-platform-commons-1.12.2.jar:/Users/issamiyoshida/.m2/repository/org/apiguardian/apiguardian-api/1.1.2/apiguardian-api-1.1.2.jar:/Users/issamiyoshida/.m2/repository/org/junit/jupiter/junit-jupiter-params/5.12.2/junit-jupiter-params-5.12.2.jar:/Users/issamiyoshida/.m2/repository/org/junit/jupiter/junit-jupiter-engine/5.12.2/junit-jupiter-engine-5.12.2.jar:/Users/issamiyoshida/.m2/repository/org/junit/platform/junit-platform-engine/1.12.2/junit-platform-engine-1.12.2.jar:/Users/issamiyoshida/.m2/repository/org/mockito/mockito-core/5.17.0/mockito-core-5.17.0.jar:/Users/issamiyoshida/.m2/repository/net/bytebuddy/byte-buddy-agent/1.17.7/byte-buddy-agent-1.17.7.jar:/Users/issamiyoshida/.m2/repository/org/objenesis/objenesis/3.3/objenesis-3.3.jar:/Users/issamiyoshida/.m2/repository/org/mockito/mockito-junit-jupiter/5.17.0/mockito-junit-jupiter-5.17.0.jar:/Users/issamiyoshida/.m2/repository/org/skyscreamer/jsonassert/1.5.3/jsonassert-1.5.3.jar:/Users/issamiyoshida/.m2/repository/com/vaadin/external/google/android-json/0.0.20131108.vaadin1/android-json-0.0.20131108.vaadin1.jar:/Users/issamiyoshida/.m2/repository/org/springframework/spring-test/6.2.10/spring-test-6.2.10.jar:/Users/issamiyoshida/.m2/repository/org/xmlunit/xmlunit-core/2.10.3/xmlunit-core-2.10.3.jar:/Users/issamiyoshida/.m2/repository/org/mapstruct/mapstruct/1.6.3/mapstruct-1.6.3.jar:/Users/issamiyoshida/.m2/repository/org/mapstruct/mapstruct-processor/1.6.3/mapstruct-processor-1.6.3.jar:"/>
    <property name="sun.cpu.endian" value="little"/>
    <property name="user.home" value="/Users/issamiyoshida"/>
    <property name="user.language" value="pt"/>
    <property name="java.specification.vendor" value="Oracle Corporation"/>
    <property name="java.version.date" value="2023-10-17"/>
    <property name="java.home" value="/Library/Java/JavaVirtualMachines/jdk-21.jdk/Contents/Home"/>
    <property name="file.separator" value="/"/>
    <property name="basedir" value="/Users/issamiyoshida/Desktop/Yoshida/Aplicacoes em Java/campaign-ingest"/>
    <property name="style.color" value="always"/>
    <property name="java.vm.compressedOopsMode" value="Zero based"/>
    <property name="line.separator" value="&#10;"/>
    <property name="java.vm.specification.vendor" value="Oracle Corporation"/>
    <property name="java.specification.name" value="Java Platform API Specification"/>
    <property name="FILE_LOG_CHARSET" value="UTF-8"/>
    <property name="java.awt.headless" value="true"/>
    <property name="apple.awt.application.name" value="ForkedBooter"/>
    <property name="surefire.real.class.path" value="/Users/issamiyoshida/Desktop/Yoshida/Aplicacoes em Java/campaign-ingest/target/surefire/surefirebooter-20250827180206515_3.jar"/>
    <property name="sun.management.compiler" value="HotSpot 64-Bit Tiered Compilers"/>
    <property name="ftp.nonProxyHosts" value="local|*.local|169.254/16|*.169.254/16"/>
    <property name="java.runtime.version" value="21.0.1+12-LTS-29"/>
    <property name="user.name" value="issamiyoshida"/>
    <property name="stdout.encoding" value="UTF-8"/>
    <property name="path.separator" value=":"/>
    <property name="os.version" value="15.6"/>
    <property name="java.runtime.name" value="Java(TM) SE Runtime Environment"/>
    <property name="file.encoding" value="UTF-8"/>
    <property name="java.vm.name" value="Java HotSpot(TM) 64-Bit Server VM"/>
    <property name="maven.ext.class.path" value="/Users/issamiyoshida/Applications/IntelliJ IDEA Ultimate.app/Contents/plugins/maven/lib/maven-event-listener.jar"/>
    <property name="localRepository" value="/Users/issamiyoshida/.m2/repository"/>
    <property name="java.vendor.url.bug" value="https://bugreport.java.com/bugreport/"/>
    <property name="java.io.tmpdir" value="/var/folders/z5/qyfh42cs3xz696qblk1h2r680000gn/T/"/>
    <property name="idea.version" value="2025.2"/>
    <property name="java.version" value="21.0.1"/>
    <property name="user.dir" value="/Users/issamiyoshida/Desktop/Yoshida/Aplicacoes em Java/campaign-ingest"/>
    <property name="os.arch" value="aarch64"/>
    <property name="jansi.passthrough" value="true"/>
    <property name="java.vm.specification.name" value="Java Virtual Machine Specification"/>
    <property name="PID" value="5165"/>
    <property name="CONSOLE_LOG_CHARSET" value="UTF-8"/>
    <property name="native.encoding" value="UTF-8"/>
    <property name="java.library.path" value="/Users/issamiyoshida/Library/Java/Extensions:/Library/Java/Extensions:/Network/Library/Java/Extensions:/System/Library/Java/Extensions:/usr/lib/java:."/>
    <property name="java.vm.info" value="mixed mode, sharing"/>
    <property name="stderr.encoding" value="UTF-8"/>
    <property name="java.vendor" value="Oracle Corporation"/>
    <property name="java.vm.version" value="21.0.1+12-LTS-29"/>
    <property name="sun.io.unicode.encoding" value="UnicodeBig"/>
    <property name="socksNonProxyHosts" value="local|*.local|169.254/16|*.169.254/16"/>
    <property name="java.class.version" value="65.0"/>
    <property name="LOGGED_APPLICATION_NAME" value="[campaign-ingest] "/>
  </properties>
  <testcase name="contextLoads" classname="br.com.brad.campaigningest.CampaignIngestApplicationTests" time="0.345">
    <system-out><![CDATA[18:02:06.829 [main] INFO org.springframework.test.context.support.AnnotationConfigContextLoaderUtils -- Could not detect default configuration classes for test class [br.com.brad.campaigningest.CampaignIngestApplicationTests]: CampaignIngestApplicationTests does not declare any static, non-private, non-final, nested classes annotated with @Configuration.
18:02:06.878 [main] INFO org.springframework.boot.test.context.SpringBootTestContextBootstrapper -- Found @SpringBootConfiguration br.com.brad.campaigningest.CampaignIngestApplication for test class br.com.brad.campaigningest.CampaignIngestApplicationTests
18:02:06.936 [main] INFO org.springframework.boot.devtools.restart.RestartApplicationListener -- Restart disabled due to context in which it is running

  .   ____          _            __ _ _
 /\\ / ___'_ __ _ _(_)_ __  __ _ \ \ \ \
( ( )\___ | '_ | '_| | '_ \/ _` | \ \ \ \
 \\/  ___)| |_)| | | | | || (_| |  ) ) ) )
  '  |____| .__|_| |_|_| |_\__, | / / / /
 =========|_|==============|___/=/_/_/_/

 :: Spring Boot ::                (v3.5.5)

2025-08-27T18:02:07.049-03:00  INFO 5165 --- [campaign-ingest] [           main] b.c.b.c.CampaignIngestApplicationTests   : Starting CampaignIngestApplicationTests using Java 21.0.1 with PID 5165 (started by issamiyoshida in /Users/issamiyoshida/Desktop/Yoshida/Aplicacoes em Java/campaign-ingest)
2025-08-27T18:02:07.050-03:00  INFO 5165 --- [campaign-ingest] [           main] b.c.b.c.CampaignIngestApplicationTests   : No active profile set, falling back to 1 default profile: "default"
2025-08-27T18:02:07.542-03:00  INFO 5165 --- [campaign-ingest] [           main] o.s.c.f.web.mvc.FunctionHandlerMapping   : FunctionCatalog: org.springframework.cloud.function.context.catalog.BeanFactoryAwareFunctionRegistry@29bcf51d
2025-08-27T18:02:07.554-03:00  INFO 5165 --- [campaign-ingest] [           main] b.c.b.c.CampaignIngestApplicationTests   : Started CampaignIngestApplicationTests in 0.622 seconds (process running for 1.002)
]]></system-out>
    <system-err><![CDATA[Mockito is currently self-attaching to enable the inline-mock-maker. This will no longer work in future releases of the JDK. Please add Mockito as an agent to your build as described in Mockito's documentation: https://javadoc.io/doc/org.mockito/mockito-core/latest/org.mockito/org/mockito/Mockito.html#0.3
WARNING: A Java agent has been loaded dynamically (/Users/issamiyoshida/.m2/repository/net/bytebuddy/byte-buddy-agent/1.17.7/byte-buddy-agent-1.17.7.jar)
WARNING: If a serviceability tool is in use, please run with -XX:+EnableDynamicAgentLoading to hide this warning
WARNING: If a serviceability tool is not in use, please run with -Djdk.instrument.traceUsage for more information
WARNING: Dynamic loading of agents will be disallowed by default in a future release
]]></system-err>
  </testcase>
</testsuite>